c:\users\yuhan\source\repos\pp01\pp01\x64\debug\vc143.pdb
c:\users\yuhan\source\repos\pp01\pp01\x64\debug\vc143.idb
c:\users\yuhan\source\repos\pp01\pp01\x64\debug\lecture02.obj
c:\users\yuhan\source\repos\pp01\pp01\x64\debug\lecture02-2.obj
c:\users\yuhan\source\repos\pp01\pp01\x64\debug\pp01.ilk
c:\users\yuhan\source\repos\pp01\x64\debug\pp01.exe
c:\users\yuhan\source\repos\pp01\x64\debug\pp01.pdb
c:\users\elfle\source\repos\pp01\pp01\x64\debug\lecture02-2.obj
c:\users\elfle\source\repos\pp01\pp01\x64\debug\lecture02.obj
c:\users\elfle\source\repos\pp01\pp01\x64\debug\main.obj
c:\users\elfle\source\repos\pp01\pp01\x64\debug\pp01.ilk
c:\users\elfle\source\repos\pp01\pp01\x64\debug\vc143.idb
c:\users\elfle\source\repos\pp01\pp01\x64\debug\vc143.pdb
c:\users\elfle\source\repos\pp01\x64\debug\pp01.pdb
c:\users\elfle\source\repos\pp01\x64\debug\pp01.exe
c:\users\elfle\source\repos\pp01\pp01\x64\debug\pp01.tlog\cl.command.1.tlog
c:\users\elfle\source\repos\pp01\pp01\x64\debug\pp01.tlog\cl.read.1.tlog
c:\users\elfle\source\repos\pp01\pp01\x64\debug\pp01.tlog\cl.write.1.tlog
c:\users\elfle\source\repos\pp01\pp01\x64\debug\pp01.tlog\link.command.1.tlog
c:\users\elfle\source\repos\pp01\pp01\x64\debug\pp01.tlog\link.read.1.tlog
c:\users\elfle\source\repos\pp01\pp01\x64\debug\pp01.tlog\link.write.1.tlog
